2018-04-02 16:42:27 DEBUG PropFileReader:20 - Loading Props file....
2018-04-02 16:42:58 DEBUG PropFileReader:20 - Loading Props file....
2018-04-02 16:42:58 ERROR PropFileReader:22 - Joke
2018-04-02 16:44:15 INFO  PropFileReader:20 - Loading Props file....
2018-04-02 16:44:37 INFO  PropFileReader:20 - Loading Props file : object.properties
2018-04-02 16:49:45 INFO  PropFileReader:20 - Loading Props file : object.properties
2018-04-03 13:49:43 INFO  PropFileReader:20 - Loading Props file : object.properties
2018-04-10 12:56:17 INFO  PropFileReader:20 - Loading Props file : object.properties
2018-04-10 12:57:03 INFO  SubjectEntity:42 - SubjectEntity: [Entity: [Name, Desc][1-600-]]
2018-04-11 13:23:15 INFO  SubjectEntity:42 - SubjectEntity: [Entity: [Name, Desc][1-600-]]
2018-04-11 13:23:26 INFO  SubjectEntity:42 - SubjectEntity: [Entity: [Name, Desc][1-600-]]
2018-04-11 13:25:12 INFO  SubjectEntity:42 - SubjectEntity: [Entity: [Name, Desc][1-600-]]
2018-04-11 13:26:18 INFO  ObjectEntity:30 - ObjectEntity: [Entity: [Name, Desc][1-600-]]
2018-04-11 13:26:25 INFO  SubjectEntity:42 - SubjectEntity: [Entity: [Name, Desc][1-600-]]
2018-04-11 13:26:41 INFO  ObjectEntity:30 - ObjectEntity: [Entity: [Name, Desc][1-600-]]
2018-04-11 13:27:26 INFO  OmnijectEntity:27 - OmnijectEntity: [Entity: [Name, Desc][1-600-]]
2018-04-11 13:29:57 INFO  AnimateSubjectEntity:23 - AnimateSubjectEntity: [SubjectEntity: [Entity: [ASE1, Desc][1-600-]]]
2018-04-11 13:31:26 INFO  InanimateSubjectEntity:21 - InanimateSubjectEntity: [SubjectEntity: [Entity: [ISE1, Desc][1-600-]]]
2018-04-11 13:32:05 INFO  Hubot:23 - Hubot: [AnimateSubjectEntity: [SubjectEntity: [Entity: [H1, Adam][1-600-]]]]
2018-04-11 13:33:28 INFO  Anibot:23 - Anibot: [AnimateSubjectEntity: [SubjectEntity: [Entity: [A1, Adam][1-600-]]]]
2018-04-11 13:34:38 INFO  Treebot:23 - Treebot: [AnimateSubjectEntity: [SubjectEntity: [Entity: [T1, Adam][1-600-]]]]
2018-04-11 13:35:07 INFO  Anibot:23 - Anibot: [AnimateSubjectEntity: [SubjectEntity: [Entity: [A1, Adam][1-600-]]]]
